<?xml version="1.0" encoding="UTF-8"?>
<!-- Generated by org.testng.reporters.JUnitXMLReporter -->
<testsuite hostname="pay1lap-71-PC" name="Three" tests="3" failures="0" timestamp="5 Apr 2017 07:00:23 GMT" time="11.184" errors="0">
  <testcase name="getBalance" time="1.442" classname="distributor_app.BalanceTransferTest"/>
  <testcase name="retailerTransfer" time="9.742" classname="distributor_app.BalanceTransferTest"/>
  <testcase name="salesmanTransfer" time="0.0" classname="distributor_app.BalanceTransferTest"/>
</testsuite> <!-- Three -->
