<?xml version="1.0" encoding="UTF-8"?>
<!-- Generated by org.testng.reporters.JUnitXMLReporter -->
<testsuite hostname="pay1lap-71-PC" name="Command line test" tests="4" failures="0" timestamp="9 Feb 2017 06:01:41 GMT" time="20.399" errors="0">
  <testcase name="@BeforeClass beforeClass" time="0.0" classname="test.ResponseTest">
    <failure type="java.lang.IllegalAccessException" message="Class org.testng.internal.MethodInvocationHelper can not access a member of class test.ResponseTest with modifiers &amp;quot;public&amp;quot;">
      <![CDATA[java.lang.IllegalAccessException: Class org.testng.internal.MethodInvocationHelper can not access a member of class test.ResponseTest with modifiers "public"
... Removed 34 stack frames]]>
    </failure>
  </testcase> <!-- @BeforeClass beforeClass -->
  <testcase name="@AfterClass afterMethod" time="0.0" classname="test.ResponseTest">
    <skipped/>
  </testcase> <!-- @AfterClass afterMethod -->
  <testcase name="getCountry" time="12.137" classname="test.APITest"/>
  <testcase name="makeSureGoogleIsUp" time="8.224" classname="test.APITest"/>
  <testcase name="checkResponse" time="0.0" classname="test.ResponseTest">
    <skipped/>
  </testcase> <!-- checkResponse -->
  <testcase name="getResponse" time="0.0" classname="test.ResponseTest">
    <skipped/>
  </testcase> <!-- getResponse -->
</testsuite> <!-- Command line test -->
