<?xml version="1.0" encoding="UTF-8"?>
<testng-results skipped="0" failed="0" total="2" passed="2">
  <reporter-output>
  </reporter-output>
  <suite name="test.APITest" duration-ms="7098" started-at="2017-05-08T16:58:48Z" finished-at="2017-05-08T16:58:55Z">
    <groups>
    </groups>
    <test name="Command line test" duration-ms="7098" started-at="2017-05-08T16:58:48Z" finished-at="2017-05-08T16:58:55Z">
      <class name="test.APITest">
        <test-method status="PASS" signature="getCountry()[pri:0, instance:test.APITest@2d3fcdbd]" name="getCountry" duration-ms="6145" started-at="2017-05-08T22:28:48Z" finished-at="2017-05-08T22:28:54Z">
          <reporter-output>
          </reporter-output>
        </test-method> <!-- getCountry -->
        <test-method status="PASS" signature="makeSureGoogleIsUp()[pri:0, instance:test.APITest@2d3fcdbd]" name="makeSureGoogleIsUp" duration-ms="912" started-at="2017-05-08T22:28:54Z" finished-at="2017-05-08T22:28:55Z">
          <reporter-output>
          </reporter-output>
        </test-method> <!-- makeSureGoogleIsUp -->
      </class> <!-- test.APITest -->
    </test> <!-- Command line test -->
  </suite> <!-- test.APITest -->
</testng-results>
