<?xml version="1.0" encoding="UTF-8"?>
<testng-results skipped="0" failed="0" total="1" passed="1">
  <reporter-output>
  </reporter-output>
  <suite name="Default suite" duration-ms="5526" started-at="2017-06-21T06:41:50Z" finished-at="2017-06-21T06:41:56Z">
    <groups>
    </groups>
    <test name="Default test" duration-ms="5526" started-at="2017-06-21T06:41:50Z" finished-at="2017-06-21T06:41:56Z">
      <class name="test.rechargeApi">
        <test-method status="PASS" signature="setUp()[pri:1, instance:test.rechargeApi@38c6f217]" name="setUp" duration-ms="5509" started-at="2017-06-21T12:11:50Z" finished-at="2017-06-21T12:11:56Z">
          <reporter-output>
          </reporter-output>
        </test-method> <!-- setUp -->
      </class> <!-- test.rechargeApi -->
    </test> <!-- Default test -->
  </suite> <!-- Default suite -->
</testng-results>
